\BOOKMARK [0][-]{chapter.1}{\376\377\000I\000n\000t\000r\000o\000d\000u\000c\000t\000i\000o\000n}{}% 1
\BOOKMARK [0][-]{chapter.2}{\376\377\000P\000r\000\351\000s\000e\000n\000t\000a\000t\000i\000o\000n\000\040\000d\000e\000\040\000l\040\031\000\351\000t\000a\000b\000l\000i\000s\000s\000e\000m\000e\000n\000t\000\040\000d\040\031\000a\000c\000c\000u\000e\000i\000l\000\040}{}% 2
\BOOKMARK [1][-]{section.2.1}{\376\377\000S\000e\000c\000t\000e\000u\000r\000\040\000d\000'\000a\000c\000t\000i\000v\000i\000t\000\351\000\040}{chapter.2}% 3
\BOOKMARK [1][-]{section.2.2}{\376\377\000I\000m\000p\000o\000r\000t\000a\000n\000c\000e\000\040}{chapter.2}% 4
\BOOKMARK [1][-]{section.2.3}{\376\377\000S\000c\000h\000\351\000m\000a\000\040\000d\000'\000o\000r\000g\000a\000n\000i\000s\000a\000t\000i\000o\000n\000\040\000s\000u\000c\000c\000i\000n\000c\000t}{chapter.2}% 5
\BOOKMARK [1][-]{section.2.4}{\376\377\000O\000r\000g\000a\000n\000i\000s\000a\000t\000i\000o\000n\000\040\000d\000u\000\040\000s\000e\000r\000v\000i\000c\000e}{chapter.2}% 6
\BOOKMARK [2][-]{subsection.2.4.1}{\376\377\000S\000A\000M\000O\000V\000A\000R\000\040}{section.2.4}% 7
\BOOKMARK [2][-]{subsection.2.4.2}{\376\377\000A\000R\000T\000E\000M\000I\000S\000\040}{section.2.4}% 8
\BOOKMARK [1][-]{section.2.5}{\376\377\000R\000\364\000l\000e\000\040\000d\000u\000\040\000t\000u\000t\000e\000u\000r\000\040\000e\000n\000t\000r\000e\000p\000r\000i\000s\000e\000\040}{chapter.2}% 9
\BOOKMARK [0][-]{chapter.3}{\376\377\000C\000o\000n\000t\000e\000x\000t\000e\000\040\000d\000e\000\040\000l\000a\000\040\000m\000i\000s\000s\000i\000o\000n\000\040}{}% 10
\BOOKMARK [1][-]{section.3.1}{\376\377\000P\000r\000\351\000s\000e\000n\000t\000a\000t\000i\000o\000n\000\040\000d\000u\000\040\000c\000o\000n\000t\000e\000x\000t\000e\000\040\000d\000e\000\040\000l\000a\000\040\000m\000i\000s\000s\000i\000o\000n}{chapter.3}% 11
\BOOKMARK [1][-]{section.3.2}{\376\377\000D\000e\000s\000c\000r\000i\000p\000t\000i\000o\000n\000\040\000d\000e\000\040\000l\000a\000\040\000m\000i\000s\000s\000i\000o\000n\000\040}{chapter.3}% 12
\BOOKMARK [1][-]{section.3.3}{\376\377\000P\000r\000o\000b\000l\000\351\000m\000a\000t\000i\000q\000u\000e}{chapter.3}% 13
\BOOKMARK [0][-]{chapter.4}{\376\377\000\311\000t\000a\000t\000\040\000d\000e\000\040\000l\000'\000a\000r\000t}{}% 14
\BOOKMARK [1][-]{section.4.1}{\376\377\000D\000a\000t\000a\000s\000e\000t\000s}{chapter.4}% 15
\BOOKMARK [2][-]{subsection.4.1.1}{\376\377\000I\000m\000a\000g\000e\000n\000e\000t}{section.4.1}% 16
\BOOKMARK [1][-]{section.4.2}{\376\377\000M\000o\000d\000\350\000l\000e\000s}{chapter.4}% 17
\BOOKMARK [1][-]{section.4.3}{\376\377\000C\000a\000r\000t\000e\000\040\000d\000'\000a\000c\000t\000i\000v\000a\000t\000i\000o\000n\000\040\000d\000e\000\040\000c\000l\000a\000s\000s\000e\000\040\000\050\000C\000A\000M\000\051}{chapter.4}% 18
\BOOKMARK [2][-]{subsection.4.3.1}{\376\377\000H\000i\000s\000t\000o\000r\000i\000q\000u\000e\000\040\000d\000e\000s\000\040\000C\000A\000M}{section.4.3}% 19
\BOOKMARK [2][-]{subsection.4.3.2}{\376\377\000F\000o\000n\000c\000t\000i\000o\000n\000n\000e\000m\000e\000n\000t\000\040\000d\000e\000s\000\040\000C\000A\000M}{section.4.3}% 20
\BOOKMARK [2][-]{subsection.4.3.3}{\376\377\000G\000r\000a\000d\000-\000C\000a\000m\000\040\000e\000t\000\040\000G\000u\000i\000d\000e\000d\000\040\000G\000r\000a\000d\000-\000C\000a\000m\000\040}{section.4.3}% 21
\BOOKMARK [2][-]{subsection.4.3.4}{\376\377\000S\000c\000o\000r\000e\000C\000a\000m\000\040\000e\000t\000\040\000F\000a\000s\000t\000e\000r\000\040\000S\000c\000o\000r\000e\000C\000a\000m}{section.4.3}% 22
\BOOKMARK [1][-]{section.4.4}{\376\377\000A\000p\000p\000r\000o\000c\000h\000e\000\040\000A\000n\000t\000\351\000r\000i\000e\000u\000r\000e}{chapter.4}% 23
\BOOKMARK [0][-]{chapter.5}{\376\377\000A\000p\000p\000r\000o\000c\000h\000e\000\040\000e\000t\000\040\000t\000r\000a\000v\000a\000i\000l\000\040\000r\000\351\000a\000l\000i\000s\000\351}{}% 24
\BOOKMARK [1][-]{section.5.1}{\376\377\000M\000i\000s\000e\000\040\000e\000n\000\040\000o\000e\000u\000v\000r\000e}{chapter.5}% 25
\BOOKMARK [1][-]{section.5.2}{\376\377\000E\000s\000s\000a\000i\000s\000\040\000e\000t\000\040\000R\000\351\000s\000u\000l\000t\000a\000t\000s}{chapter.5}% 26
\BOOKMARK [2][-]{subsection.5.2.1}{\376\377\000E\000s\000s\000a\000i\000\040\0001\000\040\000:\000\040\000P\000r\000o\000d\000u\000i\000t}{section.5.2}% 27
\BOOKMARK [2][-]{subsection.5.2.2}{\376\377\000E\000s\000s\000a\000i\000\040\0002\000\040\000:\000\040\000D\000i\000v\000i\000s\000i\000o\000n}{section.5.2}% 28
\BOOKMARK [2][-]{subsection.5.2.3}{\376\377\000E\000s\000s\000a\000i\000\040\0003\000\040\000:\000\040\000S\000o\000m\000m\000e\000\040\000p\000o\000n\000d\000\351\000r\000\351\000e\000\040}{section.5.2}% 29
\BOOKMARK [0][-]{chapter.6}{\376\377\000D\000i\000f\000f\000i\000c\000u\000l\000t\000\351\000s\000\040\000R\000e\000n\000c\000o\000n\000t\000r\000\351\000e\000s}{}% 30
\BOOKMARK [1][-]{section.6.1}{\376\377\000C\000o\000d\000e\000\040\000e\000x\000i\000s\000t\000a\000n\000t\000\040\000p\000e\000u\000\040\000l\000i\000s\000i\000b\000l\000e\000\040\000e\000t\000\040\000n\000o\000n\000\040\000o\000p\000t\000i\000m\000i\000s\000\351}{chapter.6}% 31
\BOOKMARK [1][-]{section.6.2}{\376\377\000B\000u\000g\000s\000\040\000e\000t\000\040\000l\000i\000m\000i\000t\000a\000t\000i\000o\000n\000s\000\040\000d\000e\000\040\000m\000\351\000m\000o\000i\000r\000e}{chapter.6}% 32
\BOOKMARK [1][-]{section.6.3}{\376\377\000M\000i\000g\000r\000a\000t\000i\000o\000n\000\040\000v\000e\000r\000s\000\040\000G\000O\000O\000G\000L\000E\000\040\000C\000O\000L\000A\000B\000\040\000e\000t\000\040\000l\000i\000m\000i\000t\000a\000t\000i\000o\000n\000s\000\040\000a\000s\000s\000o\000c\000i\000\351\000e\000s}{chapter.6}% 33
\BOOKMARK [1][-]{section.6.4}{\376\377\000T\000r\000a\000n\000s\000i\000t\000i\000o\000n\000\040\000v\000e\000r\000s\000\040\000V\000S\000C\000O\000D\000E\000\040\000a\000v\000e\000c\000\040\000d\000e\000s\000\040\000s\000c\000r\000i\000p\000t\000s\000\040\000P\000Y\000T\000H\000O\000N}{chapter.6}% 34
\BOOKMARK [1][-]{section.6.5}{\376\377\000M\000i\000g\000r\000a\000t\000i\000o\000n\000\040\000v\000e\000r\000s\000\040\000l\000a\000\040\000p\000l\000a\000t\000e\000f\000o\000r\000m\000e\000\040\000d\000e\000\040\000c\000a\000l\000c\000u\000l\000\040\000d\000\351\000p\000a\000r\000t\000e\000m\000e\000n\000t\000a\000l\000e\000\040\000V\000u\000l\000k\000a\000n\000\040}{chapter.6}% 35
\BOOKMARK [0][-]{chapter.7}{\376\377\000C\000o\000n\000c\000l\000u\000s\000i\000o\000n}{}% 36
\BOOKMARK [0][-]{chapter.8}{\376\377\000P\000e\000r\000s\000p\000e\000c\000t\000i\000v\000e\000s}{}% 37
\BOOKMARK [0][-]{chapter.9}{\376\377\000A\000n\000n\000e\000x\000e\000s}{}% 38
\BOOKMARK [1][-]{section.9.1}{\376\377\000T\000r\000a\000v\000a\000u\000x\000\040\000A\000d\000d\000i\000t\000i\000o\000n\000n\000e\000l\000s\000\040\000P\000o\000s\000t\000-\000S\000o\000u\000t\000e\000n\000a\000n\000c\000e}{chapter.9}% 39
\BOOKMARK [2][-]{subsection.9.1.1}{\376\377\000I\000n\000t\000\351\000g\000r\000a\000t\000i\000o\000n\000\040\000d\000u\000\040\000M\000A\000N\000G\000T\000R}{section.9.1}% 40
